<?xml version="1.0" encoding="UTF-8"?>
<!-- Generated by org.testng.reporters.JUnitReportReporter -->
<testsuite hostname="ShilpaPrasannaHK" failures="0" tests="2" name="testrunner.AmezonTestRunner" time="0.169" errors="0" timestamp="2022-07-17T10:54:01 IST" skipped="0">
  <testcase classname="testrunner.AmezonTestRunner" name="runScenario" time="0.151"/>
  <system-out/>
  <testcase classname="testrunner.AmezonTestRunner" name="runScenario" time="0.018"/>
  <system-out/>
</testsuite> <!-- testrunner.AmezonTestRunner -->
